<?xml version="1.0" encoding="UTF-8"?>
<!-- Generated by org.testng.reporters.JUnitReportReporter -->
<testsuite skipped="0" hostname="bantam-PC" name="headless.phantomjs.headless.phantomjs.headlessChromeDriver" tests="1" failures="0" timestamp="21 May 2018 10:27:28 GMT" time="105.298" errors="0">
  <testcase name="test" time="105.298" classname="headless.phantomjs.headless.phantomjs.headlessChromeDriver"/>
</testsuite> <!-- headless.phantomjs.headless.phantomjs.headlessChromeDriver -->
