<?xml version="1.0" encoding="UTF-8"?>
<!-- Generated by org.testng.reporters.JUnitReportReporter -->
<testsuite skipped="0" hostname="bantam-PC" name="headless.phantomjs.headless.phantomjs.initTest" tests="1" failures="0" timestamp="21 May 2018 10:26:33 GMT" time="368.333" errors="0">
  <testcase name="test0" time="368.333" classname="headless.phantomjs.headless.phantomjs.initTest"/>
</testsuite> <!-- headless.phantomjs.headless.phantomjs.initTest -->
